2021-06-26 14:27:25 [INFO] [create_runtime_db.py:273] - Create Runtime DB finished!
2021-06-26 14:27:25 [INFO] [create_peripheral_db.py:256] - Create Peripheral DB finished!
2021-06-26 14:27:25 [INFO] [create_rts_track_db.py:183] - start parsing rts track data file: runtime.task_track.0.slice_20
2021-06-26 14:27:25 [INFO] [time_parser.py:53] - Start parsing sync data ...
2021-06-26 14:27:25 [INFO] [time_parser.py:56] - Parsing sync data finished...
2021-06-26 14:27:25 [INFO] [create_ge_db.py:75] - start parsing ge task data file: Framework.task_desc_info.0.slice_11
2021-06-26 14:27:25 [INFO] [create_ge_db.py:82] - Start to read GE task data ...
2021-06-26 14:27:25 [INFO] [create_ge_db.py:104] - Parsing GE task data finished...
2021-06-26 14:27:25 [INFO] [create_ge_db.py:75] - start parsing ge task data file: Framework.task_desc_info.0.slice_9
2021-06-26 14:27:25 [INFO] [create_ge_db.py:82] - Start to read GE task data ...
2021-06-26 14:27:25 [INFO] [create_ge_db.py:104] - Parsing GE task data finished...
2021-06-26 14:27:25 [INFO] [create_ge_db.py:75] - start parsing ge task data file: Framework.task_desc_info.0.slice_6
2021-06-26 14:27:25 [INFO] [create_ge_db.py:82] - Start to read GE task data ...
2021-06-26 14:27:25 [INFO] [create_ge_db.py:104] - Parsing GE task data finished...
2021-06-26 14:27:25 [INFO] [create_ge_db.py:75] - start parsing ge task data file: Framework.task_desc_info.0.slice_4
2021-06-26 14:27:25 [INFO] [create_ge_db.py:82] - Start to read GE task data ...
2021-06-26 14:27:25 [INFO] [create_ge_db.py:104] - Parsing GE task data finished...
2021-06-26 14:27:25 [INFO] [create_ge_db.py:75] - start parsing ge task data file: Framework.task_desc_info.0.slice_8
2021-06-26 14:27:25 [INFO] [create_ge_db.py:82] - Start to read GE task data ...
2021-06-26 14:27:25 [INFO] [create_ge_db.py:104] - Parsing GE task data finished...
2021-06-26 14:27:25 [INFO] [create_ge_db.py:75] - start parsing ge task data file: Framework.task_desc_info.0.slice_2
2021-06-26 14:27:25 [INFO] [create_ge_db.py:82] - Start to read GE task data ...
2021-06-26 14:27:25 [INFO] [create_ge_db.py:104] - Parsing GE task data finished...
2021-06-26 14:27:25 [INFO] [create_ge_db.py:75] - start parsing ge task data file: Framework.task_desc_info.0.slice_0
2021-06-26 14:27:25 [INFO] [create_ge_db.py:82] - Start to read GE task data ...
2021-06-26 14:27:25 [INFO] [create_ge_db.py:104] - Parsing GE task data finished...
2021-06-26 14:27:25 [INFO] [create_ge_db.py:75] - start parsing ge task data file: Framework.task_desc_info.0.slice_10
2021-06-26 14:27:25 [INFO] [create_ge_db.py:82] - Start to read GE task data ...
2021-06-26 14:27:25 [INFO] [create_ge_db.py:104] - Parsing GE task data finished...
2021-06-26 14:27:25 [INFO] [create_ge_db.py:75] - start parsing ge task data file: Framework.task_desc_info.0.slice_3
2021-06-26 14:27:25 [INFO] [create_ge_db.py:82] - Start to read GE task data ...
2021-06-26 14:27:25 [INFO] [create_ge_db.py:104] - Parsing GE task data finished...
2021-06-26 14:27:25 [INFO] [create_ge_db.py:75] - start parsing ge task data file: Framework.task_desc_info.0.slice_18
2021-06-26 14:27:25 [INFO] [create_ge_db.py:82] - Start to read GE task data ...
2021-06-26 14:27:25 [INFO] [create_ge_db.py:104] - Parsing GE task data finished...
2021-06-26 14:27:25 [INFO] [create_ge_db.py:75] - start parsing ge task data file: Framework.task_desc_info.0.slice_24
2021-06-26 14:27:25 [INFO] [create_ge_db.py:82] - Start to read GE task data ...
2021-06-26 14:27:25 [INFO] [create_ge_db.py:104] - Parsing GE task data finished...
2021-06-26 14:27:25 [INFO] [create_ge_db.py:75] - start parsing ge task data file: Framework.task_desc_info.0.slice_1
2021-06-26 14:27:25 [INFO] [create_ge_db.py:82] - Start to read GE task data ...
2021-06-26 14:27:25 [INFO] [create_ge_db.py:104] - Parsing GE task data finished...
2021-06-26 14:27:25 [INFO] [create_ge_db.py:75] - start parsing ge task data file: Framework.task_desc_info.0.slice_16
2021-06-26 14:27:25 [INFO] [create_ge_db.py:82] - Start to read GE task data ...
2021-06-26 14:27:25 [INFO] [create_rts_track_db.py:183] - start parsing rts track data file: runtime.task_track.0.slice_7
2021-06-26 14:27:25 [INFO] [create_ge_db.py:104] - Parsing GE task data finished...
2021-06-26 14:27:25 [INFO] [create_ge_db.py:75] - start parsing ge task data file: Framework.task_desc_info.0.slice_17
2021-06-26 14:27:25 [INFO] [create_ge_db.py:82] - Start to read GE task data ...
2021-06-26 14:27:25 [INFO] [create_ge_db.py:104] - Parsing GE task data finished...
2021-06-26 14:27:25 [INFO] [create_ge_db.py:75] - start parsing ge task data file: Framework.task_desc_info.0.slice_7
2021-06-26 14:27:25 [INFO] [create_ge_db.py:82] - Start to read GE task data ...
2021-06-26 14:27:26 [INFO] [create_ge_db.py:104] - Parsing GE task data finished...
2021-06-26 14:27:26 [INFO] [create_ge_db.py:75] - start parsing ge task data file: Framework.task_desc_info.0.slice_14
2021-06-26 14:27:26 [INFO] [create_ge_db.py:82] - Start to read GE task data ...
2021-06-26 14:27:26 [INFO] [create_ge_db.py:104] - Parsing GE task data finished...
2021-06-26 14:27:26 [INFO] [create_ge_db.py:75] - start parsing ge task data file: Framework.task_desc_info.0.slice_15
2021-06-26 14:27:26 [INFO] [create_ge_db.py:82] - Start to read GE task data ...
2021-06-26 14:27:26 [INFO] [create_ge_db.py:104] - Parsing GE task data finished...
2021-06-26 14:27:26 [INFO] [create_ge_db.py:75] - start parsing ge task data file: Framework.task_desc_info.0.slice_21
2021-06-26 14:27:26 [INFO] [create_ge_db.py:82] - Start to read GE task data ...
2021-06-26 14:27:26 [INFO] [create_ge_db.py:104] - Parsing GE task data finished...
2021-06-26 14:27:26 [INFO] [create_ge_db.py:75] - start parsing ge task data file: Framework.task_desc_info.0.slice_19
2021-06-26 14:27:26 [INFO] [create_ge_db.py:82] - Start to read GE task data ...
2021-06-26 14:27:26 [INFO] [create_ge_db.py:104] - Parsing GE task data finished...
2021-06-26 14:27:26 [INFO] [create_ge_db.py:75] - start parsing ge task data file: Framework.task_desc_info.0.slice_20
2021-06-26 14:27:26 [INFO] [create_ge_db.py:82] - Start to read GE task data ...
2021-06-26 14:27:26 [INFO] [create_ge_db.py:104] - Parsing GE task data finished...
2021-06-26 14:27:26 [INFO] [create_ge_db.py:75] - start parsing ge task data file: Framework.task_desc_info.0.slice_12
2021-06-26 14:27:26 [INFO] [create_ge_db.py:82] - Start to read GE task data ...
2021-06-26 14:27:26 [INFO] [create_ge_db.py:104] - Parsing GE task data finished...
2021-06-26 14:27:26 [INFO] [create_ge_db.py:75] - start parsing ge task data file: Framework.task_desc_info.0.slice_13
2021-06-26 14:27:26 [INFO] [create_ge_db.py:82] - Start to read GE task data ...
2021-06-26 14:27:26 [INFO] [create_ge_db.py:104] - Parsing GE task data finished...
2021-06-26 14:27:26 [INFO] [create_ge_db.py:75] - start parsing ge task data file: Framework.task_desc_info.0.slice_5
2021-06-26 14:27:26 [INFO] [create_ge_db.py:82] - Start to read GE task data ...
2021-06-26 14:27:26 [INFO] [create_ge_db.py:104] - Parsing GE task data finished...
2021-06-26 14:27:26 [INFO] [create_ge_db.py:75] - start parsing ge task data file: Framework.task_desc_info.0.slice_23
2021-06-26 14:27:26 [INFO] [create_ge_db.py:82] - Start to read GE task data ...
2021-06-26 14:27:26 [INFO] [create_rts_track_db.py:183] - start parsing rts track data file: runtime.task_track.0.slice_0
2021-06-26 14:27:26 [INFO] [create_ge_db.py:104] - Parsing GE task data finished...
2021-06-26 14:27:26 [INFO] [create_ge_db.py:75] - start parsing ge task data file: Framework.task_desc_info.0.slice_22
2021-06-26 14:27:26 [INFO] [create_ge_db.py:82] - Start to read GE task data ...
2021-06-26 14:27:26 [INFO] [create_ge_db.py:104] - Parsing GE task data finished...
2021-06-26 14:27:27 [INFO] [create_rts_track_db.py:183] - start parsing rts track data file: runtime.task_track.0.slice_19
2021-06-26 14:27:28 [INFO] [create_rts_track_db.py:183] - start parsing rts track data file: runtime.task_track.0.slice_13
2021-06-26 14:27:28 [INFO] [create_rts_track_db.py:183] - start parsing rts track data file: runtime.task_track.0.slice_5
2021-06-26 14:27:29 [INFO] [create_rts_track_db.py:183] - start parsing rts track data file: runtime.task_track.0.slice_3
2021-06-26 14:27:30 [INFO] [create_rts_track_db.py:183] - start parsing rts track data file: runtime.task_track.0.slice_21
2021-06-26 14:27:30 [INFO] [create_rts_track_db.py:183] - start parsing rts track data file: runtime.task_track.0.slice_16
2021-06-26 14:27:31 [INFO] [create_rts_track_db.py:183] - start parsing rts track data file: runtime.task_track.0.slice_14
2021-06-26 14:27:32 [INFO] [create_rts_track_db.py:183] - start parsing rts track data file: runtime.task_track.0.slice_15
2021-06-26 14:27:32 [INFO] [create_rts_track_db.py:183] - start parsing rts track data file: runtime.task_track.0.slice_6
2021-06-26 14:27:33 [INFO] [create_rts_track_db.py:183] - start parsing rts track data file: runtime.task_track.0.slice_12
2021-06-26 14:27:34 [INFO] [create_rts_track_db.py:183] - start parsing rts track data file: runtime.task_track.0.slice_18
2021-06-26 14:27:35 [INFO] [create_rts_track_db.py:183] - start parsing rts track data file: runtime.task_track.0.slice_10
2021-06-26 14:27:35 [INFO] [create_rts_track_db.py:183] - start parsing rts track data file: runtime.task_track.0.slice_4
2021-06-26 14:27:36 [INFO] [create_rts_track_db.py:183] - start parsing rts track data file: runtime.task_track.0.slice_9
2021-06-26 14:27:37 [INFO] [create_rts_track_db.py:183] - start parsing rts track data file: runtime.task_track.0.slice_8
2021-06-26 14:27:38 [INFO] [create_rts_track_db.py:183] - start parsing rts track data file: runtime.task_track.0.slice_11
2021-06-26 14:27:38 [INFO] [create_rts_track_db.py:183] - start parsing rts track data file: runtime.task_track.0.slice_17
2021-06-26 14:27:39 [INFO] [create_rts_track_db.py:183] - start parsing rts track data file: runtime.task_track.0.slice_1
2021-06-26 14:27:40 [INFO] [create_rts_track_db.py:183] - start parsing rts track data file: runtime.task_track.0.slice_2
2021-06-26 14:27:41 [INFO] [create_rts_track_db.py:193] - Create rts_track db finished!
2021-06-26 14:27:41 [INFO] [hwts_record_parser.py:138] - start parsing hwts data file: hwts.data.0.slice_0
2021-06-26 14:27:41 [INFO] [hwts_record_parser.py:138] - start parsing hwts data file: hwts.data.0.slice_1
2021-06-26 14:27:41 [INFO] [hwts_record_parser.py:138] - start parsing hwts data file: hwts.data.0.slice_2
2021-06-26 14:27:41 [ERROR] [hwts_record_parser.py:156] - Data must be lost in file: /home/NASnet_mobile/cann_profiling/JOBBEAAFIEACIJDBDCCBCCAAAAAAAAAA/data/hwts.data.0.slice_2, file size is 3784560
2021-06-26 14:27:41 [INFO] [hwts_record_parser.py:138] - start parsing hwts data file: hwts.data.0.slice_3
2021-06-26 14:27:41 [ERROR] [hwts_record_parser.py:156] - Data must be lost in file: /home/NASnet_mobile/cann_profiling/JOBBEAAFIEACIJDBDCCBCCAAAAAAAAAA/data/hwts.data.0.slice_3, file size is 3416464
2021-06-26 14:27:41 [INFO] [hwts_record_parser.py:138] - start parsing hwts data file: hwts.data.0.slice_4
2021-06-26 14:27:41 [ERROR] [hwts_record_parser.py:156] - Data must be lost in file: /home/NASnet_mobile/cann_profiling/JOBBEAAFIEACIJDBDCCBCCAAAAAAAAAA/data/hwts.data.0.slice_4, file size is 1710992
2021-06-26 14:27:41 [INFO] [hwts_record_parser.py:138] - start parsing hwts data file: hwts.data.0.slice_5
2021-06-26 14:27:41 [ERROR] [hwts_record_parser.py:156] - Data must be lost in file: /home/NASnet_mobile/cann_profiling/JOBBEAAFIEACIJDBDCCBCCAAAAAAAAAA/data/hwts.data.0.slice_5, file size is 998960
2021-06-26 14:27:41 [INFO] [parse_task_rec_by_iter.py:235] - start parsing ai core data file: aicore.data.0.slice_0
2021-06-26 14:27:41 [INFO] [parse_task_rec_by_iter.py:235] - start parsing ai core data file: aicore.data.0.slice_1
2021-06-26 14:27:41 [INFO] [parse_task_rec_by_iter.py:235] - start parsing ai core data file: aicore.data.0.slice_2
2021-06-26 14:27:41 [INFO] [parse_task_rec_by_iter.py:235] - start parsing ai core data file: aicore.data.0.slice_3
2021-06-26 14:27:41 [INFO] [collection_engine.py:79] - Database process finished.
2021-06-26 14:27:41 [INFO] [collection_engine.py:80] - Analysis finished.
2021-06-26 14:29:17 [INFO] [calculate_task_scheduler.py:123] - start insert data into report table
2021-06-26 14:33:55 [INFO] [calculate_task_scheduler.py:123] - start insert data into report table
